ago. 29, 2025 12:14:51 AM liquibase.changelog
INFO: Reading resource: db/changelog/migrations/db.changelog-202408191938.sql
ago. 29, 2025 12:14:51 AM liquibase.changelog
INFO: Reading resource: db/changelog/migrations/db.changelog-202408210954.sql
ago. 29, 2025 12:14:51 AM liquibase.changelog
INFO: Reading resource: db/changelog/migrations/db.changelog-202408211004.sql
ago. 29, 2025 12:14:51 AM liquibase.changelog
INFO: Reading resource: db/changelog/migrations/db.changelog-202408211005.sql
ago. 29, 2025 12:14:51 AM liquibase.changelog
INFO: Reading resource: db/changelog/migrations/db.changelog-202408281807
ago. 29, 2025 12:14:51 AM liquibase.changelog
WARNING: included file db/changelog/migrations/db.changelog-202408281807/db/changelog/migrations/db.changelog-202408281807 is not a recognized file type
ago. 29, 2025 12:14:52 AM liquibase.changelog
INFO: Reading from board.databasechangelog
ago. 29, 2025 12:14:52 AM liquibase.lockservice
INFO: Successfully acquired change log lock
ago. 29, 2025 12:14:52 AM liquibase.command
INFO: Using deploymentId: 6437292102
ago. 29, 2025 12:14:52 AM liquibase.changelog
INFO: Reading from board.databasechangelog
Running Changeset: db/changelog/migrations/db.changelog-202408211004.sql::202408191938::junior
ago. 29, 2025 12:14:52 AM liquibase.changelog
SEVERE: ChangeSet db/changelog/migrations/db.changelog-202408211004.sql::202408191938::junior encountered an exception.
liquibase.exception.DatabaseException: Duplicate foreign key constraint name 'boards_columns__cards_fk' [Failed SQL: (1826) CREATE TABLE CARDS(
    id BIGINT AUTO_INCREMENT PRIMARY KEY,
        title VARCHAR(255) NOT NULL,
        description VARCHAR(255) NOT NULL,
        board_column_id BIGINT NOT NULL,
        CONSTRAINT boards_columns__cards_fk FOREIGN KEY (board_column_id) REFERENCES BOARDS_COLUMNS(id) ON DELETE CASCADE
    ) ENGINE=InnoDB]
	at liquibase.executor.jvm.JdbcExecutor$ExecuteStatementCallback.doInStatement(JdbcExecutor.java:476)
	at liquibase.executor.jvm.JdbcExecutor.execute(JdbcExecutor.java:83)
	at liquibase.executor.jvm.JdbcExecutor.execute(JdbcExecutor.java:185)
	at liquibase.executor.AbstractExecutor.execute(AbstractExecutor.java:141)
	at liquibase.database.AbstractJdbcDatabase.executeStatements(AbstractJdbcDatabase.java:1189)
	at liquibase.changelog.ChangeSet.execute(ChangeSet.java:775)
	at liquibase.changelog.visitor.UpdateVisitor.executeAcceptedChange(UpdateVisitor.java:119)
	at liquibase.changelog.visitor.UpdateVisitor.visit(UpdateVisitor.java:68)
	at liquibase.changelog.ChangeLogIterator.lambda$run$0(ChangeLogIterator.java:131)
	at liquibase.Scope.lambda$child$0(Scope.java:191)
	at liquibase.Scope.child(Scope.java:200)
	at liquibase.Scope.child(Scope.java:190)
	at liquibase.Scope.child(Scope.java:169)
	at liquibase.changelog.ChangeLogIterator.lambda$run$1(ChangeLogIterator.java:120)
	at liquibase.Scope.lambda$child$0(Scope.java:191)
	at liquibase.Scope.child(Scope.java:200)
	at liquibase.Scope.child(Scope.java:190)
	at liquibase.Scope.child(Scope.java:169)
	at liquibase.Scope.child(Scope.java:257)
	at liquibase.Scope.child(Scope.java:261)
	at liquibase.changelog.ChangeLogIterator.run(ChangeLogIterator.java:89)
	at liquibase.command.core.AbstractUpdateCommandStep.lambda$run$0(AbstractUpdateCommandStep.java:113)
	at liquibase.Scope.lambda$child$0(Scope.java:191)
	at liquibase.Scope.child(Scope.java:200)
	at liquibase.Scope.child(Scope.java:190)
	at liquibase.Scope.child(Scope.java:169)
	at liquibase.command.core.AbstractUpdateCommandStep.run(AbstractUpdateCommandStep.java:111)
	at liquibase.command.core.UpdateCommandStep.run(UpdateCommandStep.java:105)
	at liquibase.command.CommandScope.execute(CommandScope.java:220)
	at liquibase.Liquibase.lambda$update$0(Liquibase.java:216)
	at liquibase.Scope.lambda$child$0(Scope.java:191)
	at liquibase.Scope.child(Scope.java:200)
	at liquibase.Scope.child(Scope.java:190)
	at liquibase.Scope.child(Scope.java:169)
	at liquibase.Liquibase.runInScope(Liquibase.java:1290)
	at liquibase.Liquibase.update(Liquibase.java:205)
	at liquibase.Liquibase.update(Liquibase.java:188)
	at liquibase.Liquibase.update(Liquibase.java:175)
	at liquibase.Liquibase.update(Liquibase.java:155)
	at br.com.dio.persistence.migration.MigrationStrategy.executeMigration(MigrationStrategy.java:36)
	at br.com.dio.Main.main(Main.java:15)
Caused by: java.sql.SQLException: Duplicate foreign key constraint name 'boards_columns__cards_fk'
	at com.mysql.cj.jdbc.exceptions.SQLError.createSQLException(SQLError.java:130)
	at com.mysql.cj.jdbc.exceptions.SQLExceptionsMapping.translateException(SQLExceptionsMapping.java:122)
	at com.mysql.cj.jdbc.StatementImpl.executeInternal(StatementImpl.java:763)
	at com.mysql.cj.jdbc.StatementImpl.execute(StatementImpl.java:648)
	at liquibase.executor.jvm.JdbcExecutor$ExecuteStatementCallback.doInStatement(JdbcExecutor.java:470)
	... 40 more


UPDATE SUMMARY
Run:                          0
Previously run:               2
Filtered out:                 0
-------------------------------
Total change sets:            4

ago. 29, 2025 12:14:52 AM liquibase.util
INFO: UPDATE SUMMARY
ago. 29, 2025 12:14:52 AM liquibase.util
INFO: Run:                          0
ago. 29, 2025 12:14:52 AM liquibase.util
INFO: Previously run:               2
ago. 29, 2025 12:14:52 AM liquibase.util
INFO: Filtered out:                 0
ago. 29, 2025 12:14:52 AM liquibase.util
INFO: -------------------------------
ago. 29, 2025 12:14:52 AM liquibase.util
INFO: Total change sets:            4
ago. 29, 2025 12:14:52 AM liquibase.util
INFO: Update summary generated
ago. 29, 2025 12:14:52 AM liquibase.command
INFO: Update command encountered an exception.
ago. 29, 2025 12:14:52 AM liquibase.lockservice
INFO: Successfully released change log lock
ago. 29, 2025 12:14:52 AM liquibase.command
INFO: Logging exception.
ERROR: Exception Details
ERROR: Exception Primary Class:  SQLException
ERROR: Exception Primary Reason:  Duplicate foreign key constraint name 'boards_columns__cards_fk'
ERROR: Exception Primary Source:  MySQL 8.0.43
ago. 29, 2025 12:14:52 AM liquibase.command
INFO: Command execution complete
liquibase.exception.CommandExecutionException: liquibase.exception.LiquibaseException: liquibase.exception.MigrationFailedException: Migration failed for changeset db/changelog/migrations/db.changelog-202408211004.sql::202408191938::junior:
     Reason: liquibase.exception.DatabaseException: Duplicate foreign key constraint name 'boards_columns__cards_fk' [Failed SQL: (1826) CREATE TABLE CARDS(
    id BIGINT AUTO_INCREMENT PRIMARY KEY,
        title VARCHAR(255) NOT NULL,
        description VARCHAR(255) NOT NULL,
        board_column_id BIGINT NOT NULL,
        CONSTRAINT boards_columns__cards_fk FOREIGN KEY (board_column_id) REFERENCES BOARDS_COLUMNS(id) ON DELETE CASCADE
    ) ENGINE=InnoDB]
	at liquibase.command.CommandScope.execute(CommandScope.java:258)
	at liquibase.Liquibase.lambda$update$0(Liquibase.java:216)
	at liquibase.Scope.lambda$child$0(Scope.java:191)
	at liquibase.Scope.child(Scope.java:200)
	at liquibase.Scope.child(Scope.java:190)
	at liquibase.Scope.child(Scope.java:169)
	at liquibase.Liquibase.runInScope(Liquibase.java:1290)
	at liquibase.Liquibase.update(Liquibase.java:205)
	at liquibase.Liquibase.update(Liquibase.java:188)
	at liquibase.Liquibase.update(Liquibase.java:175)
	at liquibase.Liquibase.update(Liquibase.java:155)
	at br.com.dio.persistence.migration.MigrationStrategy.executeMigration(MigrationStrategy.java:36)
	at br.com.dio.Main.main(Main.java:15)
Caused by: liquibase.exception.LiquibaseException: liquibase.exception.MigrationFailedException: Migration failed for changeset db/changelog/migrations/db.changelog-202408211004.sql::202408191938::junior:
     Reason: liquibase.exception.DatabaseException: Duplicate foreign key constraint name 'boards_columns__cards_fk' [Failed SQL: (1826) CREATE TABLE CARDS(
    id BIGINT AUTO_INCREMENT PRIMARY KEY,
        title VARCHAR(255) NOT NULL,
        description VARCHAR(255) NOT NULL,
        board_column_id BIGINT NOT NULL,
        CONSTRAINT boards_columns__cards_fk FOREIGN KEY (board_column_id) REFERENCES BOARDS_COLUMNS(id) ON DELETE CASCADE
    ) ENGINE=InnoDB]
	at liquibase.changelog.ChangeLogIterator.run(ChangeLogIterator.java:148)
	at liquibase.command.core.AbstractUpdateCommandStep.lambda$run$0(AbstractUpdateCommandStep.java:113)
	at liquibase.Scope.lambda$child$0(Scope.java:191)
	at liquibase.Scope.child(Scope.java:200)
	at liquibase.Scope.child(Scope.java:190)
	at liquibase.Scope.child(Scope.java:169)
	at liquibase.command.core.AbstractUpdateCommandStep.run(AbstractUpdateCommandStep.java:111)
	at liquibase.command.core.UpdateCommandStep.run(UpdateCommandStep.java:105)
	at liquibase.command.CommandScope.execute(CommandScope.java:220)
	... 12 more
Caused by: liquibase.exception.MigrationFailedException: Migration failed for changeset db/changelog/migrations/db.changelog-202408211004.sql::202408191938::junior:
     Reason: liquibase.exception.DatabaseException: Duplicate foreign key constraint name 'boards_columns__cards_fk' [Failed SQL: (1826) CREATE TABLE CARDS(
    id BIGINT AUTO_INCREMENT PRIMARY KEY,
        title VARCHAR(255) NOT NULL,
        description VARCHAR(255) NOT NULL,
        board_column_id BIGINT NOT NULL,
        CONSTRAINT boards_columns__cards_fk FOREIGN KEY (board_column_id) REFERENCES BOARDS_COLUMNS(id) ON DELETE CASCADE
    ) ENGINE=InnoDB]
	at liquibase.changelog.ChangeSet.execute(ChangeSet.java:819)
	at liquibase.changelog.visitor.UpdateVisitor.executeAcceptedChange(UpdateVisitor.java:119)
	at liquibase.changelog.visitor.UpdateVisitor.visit(UpdateVisitor.java:68)
	at liquibase.changelog.ChangeLogIterator.lambda$run$0(ChangeLogIterator.java:131)
	at liquibase.Scope.lambda$child$0(Scope.java:191)
	at liquibase.Scope.child(Scope.java:200)
	at liquibase.Scope.child(Scope.java:190)
	at liquibase.Scope.child(Scope.java:169)
	at liquibase.changelog.ChangeLogIterator.lambda$run$1(ChangeLogIterator.java:120)
	at liquibase.Scope.lambda$child$0(Scope.java:191)
	at liquibase.Scope.child(Scope.java:200)
	at liquibase.Scope.child(Scope.java:190)
	at liquibase.Scope.child(Scope.java:169)
	at liquibase.Scope.child(Scope.java:257)
	at liquibase.Scope.child(Scope.java:261)
	at liquibase.changelog.ChangeLogIterator.run(ChangeLogIterator.java:89)
	... 20 more
Caused by: liquibase.exception.DatabaseException: Duplicate foreign key constraint name 'boards_columns__cards_fk' [Failed SQL: (1826) CREATE TABLE CARDS(
    id BIGINT AUTO_INCREMENT PRIMARY KEY,
        title VARCHAR(255) NOT NULL,
        description VARCHAR(255) NOT NULL,
        board_column_id BIGINT NOT NULL,
        CONSTRAINT boards_columns__cards_fk FOREIGN KEY (board_column_id) REFERENCES BOARDS_COLUMNS(id) ON DELETE CASCADE
    ) ENGINE=InnoDB]
	at liquibase.executor.jvm.JdbcExecutor$ExecuteStatementCallback.doInStatement(JdbcExecutor.java:476)
	at liquibase.executor.jvm.JdbcExecutor.execute(JdbcExecutor.java:83)
	at liquibase.executor.jvm.JdbcExecutor.execute(JdbcExecutor.java:185)
	at liquibase.executor.AbstractExecutor.execute(AbstractExecutor.java:141)
	at liquibase.database.AbstractJdbcDatabase.executeStatements(AbstractJdbcDatabase.java:1189)
	at liquibase.changelog.ChangeSet.execute(ChangeSet.java:775)
	... 35 more
Caused by: java.sql.SQLException: Duplicate foreign key constraint name 'boards_columns__cards_fk'
	at com.mysql.cj.jdbc.exceptions.SQLError.createSQLException(SQLError.java:130)
	at com.mysql.cj.jdbc.exceptions.SQLExceptionsMapping.translateException(SQLExceptionsMapping.java:122)
	at com.mysql.cj.jdbc.StatementImpl.executeInternal(StatementImpl.java:763)
	at com.mysql.cj.jdbc.StatementImpl.execute(StatementImpl.java:648)
	at liquibase.executor.jvm.JdbcExecutor$ExecuteStatementCallback.doInStatement(JdbcExecutor.java:470)
	... 40 more
